  0:00 ------------------------------------------------------------
  0:00 InitGame: \com_maxclients\4\fs_game\mods/zm_BO2-Full-Solo-Mods-main\g_gametype\zclassic\g_randomSeed\0\gamename\PT6ZM\mapname\zm_transit\playlist_enabled\0\playlist_entry\0\protocol\2089\scr_team_fftype\1\shortversion\r5334\sv_allowAimAssist\1\sv_allowAnonymous\0\sv_clientFpsLimit\0\sv_disableClientConsole\0\sv_hostname\Private Match\sv_maxclients\4\sv_maxPing\0\sv_minPing\0\sv_privateClients\0\sv_privateClientsForClients\0\sv_pure\0\sv_voice\1
  0:00 InitGame: \com_maxclients\4\fs_game\mods/zm_BO2-Full-Solo-Mods-main\g_gametype\zclassic\g_randomSeed\0\gamename\PT6ZM\mapname\zm_transit\playlist_enabled\0\playlist_entry\0\protocol\2089\scr_team_fftype\1\shortversion\r5334\sv_allowAimAssist\1\sv_allowAnonymous\0\sv_clientFpsLimit\0\sv_disableClientConsole\0\sv_hostname\Private Match\sv_maxclients\4\sv_maxPing\0\sv_minPing\0\sv_privateClients\0\sv_privateClientsForClients\0\sv_pure\0\sv_voice\1\g_logTimeStampInSeconds\0
  0:00 J;6710674;0;jakmar
  0:44 say;6710674;0;jakmar;!points
  0:49 say;6710674;0;jakmar;.fog
  2:07 say;6710674;0;jakmar;.shank
  6:25 ShutdownGame:
  6:25 ------------------------------------------------------------
  6:25 ------------------------------------------------------------
  6:25 InitGame: \com_maxclients\4\fs_game\mods/zm_BO2-Full-Solo-Mods-main\g_gametype\zclassic\g_randomSeed\0\gamename\PT6ZM\mapname\zm_transit\playlist_enabled\0\playlist_entry\0\protocol\2089\scr_team_fftype\1\shortversion\r5334\sv_allowAimAssist\1\sv_allowAnonymous\0\sv_clientFpsLimit\0\sv_disableClientConsole\0\sv_hostname\Private Match\sv_maxclients\4\sv_maxPing\0\sv_minPing\0\sv_privateClients\0\sv_privateClientsForClients\0\sv_pure\0\sv_voice\1
  6:25 InitGame: \com_maxclients\4\fs_game\mods/zm_BO2-Full-Solo-Mods-main\g_gametype\zclassic\g_randomSeed\0\gamename\PT6ZM\mapname\zm_transit\playlist_enabled\0\playlist_entry\0\protocol\2089\scr_team_fftype\1\shortversion\r5334\sv_allowAimAssist\1\sv_allowAnonymous\0\sv_clientFpsLimit\0\sv_disableClientConsole\0\sv_hostname\Private Match\sv_maxclients\4\sv_maxPing\0\sv_minPing\0\sv_privateClients\0\sv_privateClientsForClients\0\sv_pure\0\sv_voice\1\g_logTimeStampInSeconds\0
  6:25 J;6710674;0;jakmar
  6:58 say;6710674;0;jakmar;!points
  7:13 say;6710674;0;jakmar;.shank
  7:29 Weapon;6710674;0;jakmar;bowie_knife_zm
  7:41 say;6710674;0;jakmar;!mk2
 12:29 say;6710674;0;jakmar;!allperks
 14:09 say;6710674;0;jakmar;!round 4
 14:29 say;6710674;0;jakmar;!round 2
 19:26 say;6710674;0;jakmar;!drop nuke
 21:26 say;6710674;0;jakmar;.emp
 28:04 ExitLevel: executed
 28:04 ShutdownGame:
 28:04 ------------------------------------------------------------
